[22:03:35.858] [INFO] storybook v10.1.4
[22:03:37.615] [DEBUG] Getting package.json info for C:/Users/dltkd/PorTracker/PorTracker/package.json...
[22:03:39.550] [DEBUG] Serving static files from [36mapps/core/public[39m at [36m/[39m
[22:03:39.557] [INFO] Starting...
[22:03:39.592] [WARN] No story files found for the specified pattern: [34mapps\core\**\*.mdx[39m
[22:03:39.785] [DEBUG] Starting preview..
[22:03:39.875] [INFO] Using implicit CSS loaders
[22:03:40.745] [INFO] Using SWC as compiler
[22:03:40.847] [INFO] Using default Webpack5 setup
[22:03:53.136] [ERROR] Failed to build the preview
[22:03:53.139] [WARN] Force closed preview build
[22:03:53.140] [ERROR] [38;2;241;97;97mSB_BUILDER-WEBPACK5_0003 (WebpackCompilationError): There were problems when compiling your code with Webpack.
Run Storybook with --debug-webpack for more information.[39m
    at starter (file:///C:/Users/dltkd/PorTracker/PorTracker/node_modules/.pnpm/@storybook+builder-webpack5@10.1.4_@rspack+core@1.6.6_@swc+helpers@0.5.17__@swc+core@1.5.29_@_nhpdu6c4hvg76elowldl3an5ku/node_modules/@storybook/builder-webpack5/dist/index.js:799:11)
    at starter.next (<anonymous>)
    at Module.start (file:///C:/Users/dltkd/PorTracker/PorTracker/node_modules/.pnpm/@storybook+builder-webpack5@10.1.4_@rspack+core@1.6.6_@swc+helpers@0.5.17__@swc+core@1.5.29_@_nhpdu6c4hvg76elowldl3an5ku/node_modules/@storybook/builder-webpack5/dist/index.js:857:34)
    at process.processTicksAndRejections (node:internal/process/task_queues:105:5)
    at async storybookDevServer (file:///C:/Users/dltkd/PorTracker/PorTracker/node_modules/.pnpm/storybook@10.1.4_@testing-library+dom@10.4.1_prettier@2.8.8_react-dom@19.2.0_react@19.2.0__react@19.2.0/node_modules/storybook/dist/core-server/index.js:7180:82)
    at async buildOrThrow (file:///C:/Users/dltkd/PorTracker/PorTracker/node_modules/.pnpm/storybook@10.1.4_@testing-library+dom@10.4.1_prettier@2.8.8_react-dom@19.2.0_react@19.2.0__react@19.2.0/node_modules/storybook/dist/core-server/index.js:5556:12)
    at async buildDevStandalone (file:///C:/Users/dltkd/PorTracker/PorTracker/node_modules/.pnpm/storybook@10.1.4_@testing-library+dom@10.4.1_prettier@2.8.8_react-dom@19.2.0_react@19.2.0__react@19.2.0/node_modules/storybook/dist/core-server/index.js:7582:66)
    at async withTelemetry (file:///C:/Users/dltkd/PorTracker/PorTracker/node_modules/.pnpm/storybook@10.1.4_@testing-library+dom@10.4.1_prettier@2.8.8_react-dom@19.2.0_react@19.2.0__react@19.2.0/node_modules/storybook/dist/_node-chunks/chunk-6KX7N5UF.js:205:12)
    at async dev (file:///C:/Users/dltkd/PorTracker/PorTracker/node_modules/.pnpm/storybook@10.1.4_@testing-library+dom@10.4.1_prettier@2.8.8_react-dom@19.2.0_react@19.2.0__react@19.2.0/node_modules/storybook/dist/bin/core.js:2734:3)
    at async _Command.<anonymous> (file:///C:/Users/dltkd/PorTracker/PorTracker/node_modules/.pnpm/storybook@10.1.4_@testing-library+dom@10.4.1_prettier@2.8.8_react-dom@19.2.0_react@19.2.0__react@19.2.0/node_modules/storybook/dist/bin/core.js:2801:92)
[22:03:53.143] [WARN] Broken build, fix the error above.
You may need to refresh the browser.